<?xml version="1.0" encoding="UTF-8"?>
<!-- Generated by org.testng.reporters.JUnitReportReporter -->
<testsuite skipped="0" hostname="Deebz-PC" name="practiceAppium.firstTestCase" tests="5" failures="0" timestamp="2022-12-01T16:33:41 GMT" time="9.608" errors="0">
  <testcase name="clickOnMediaAndPrintList" time="1.352" classname="practiceAppium.firstTestCase"/>
  <system-out/>
  <testcase name="clickOnAnimationAndNavigate" time="3.019" classname="practiceAppium.firstTestCase"/>
  <system-out/>
  <testcase name="verifyPageHeader" time="0.960" classname="practiceAppium.firstTestCase"/>
  <system-out/>
  <testcase name="loopThroughAllElement" time="0.632" classname="practiceAppium.firstTestCase"/>
  <system-out/>
  <testcase name="clickOnAppAndScrollDown" time="3.645" classname="practiceAppium.firstTestCase"/>
  <system-out/>
</testsuite> <!-- practiceAppium.firstTestCase -->
