<?xml version="1.0" encoding="UTF-8"?>
<!-- Generated by org.testng.reporters.JUnitReportReporter -->
<testsuite hostname="Deebz-PC" failures="0" tests="1" name="practiceAppium.APIDemoAppTesting" time="0.937" errors="0" timestamp="2022-12-12T08:28:02 GMT" skipped="0">
  <testcase classname="practiceAppium.APIDemoAppTesting" name="verifyPageHeader" time="0.937"/>
  <system-out/>
</testsuite> <!-- practiceAppium.APIDemoAppTesting -->
